<?xml version="1.0" encoding="UTF-8"?>
<testng-results ignored="0" total="2" passed="2" failed="0" skipped="0">
  <reporter-output>
  </reporter-output>
  <suite started-at="2025-05-23T13:14:57 IST" name="Default suite" finished-at="2025-05-23T13:16:10 IST" duration-ms="73105">
    <groups>
    </groups>
    <test started-at="2025-05-23T13:14:57 IST" name="Default test" finished-at="2025-05-23T13:16:10 IST" duration-ms="73105">
      <class name="tests.NotesLauncherTests">
        <test-method is-config="true" signature="setUpExtentReports()[pri:0, instance:tests.NotesLauncherTests@3a4621bd]" started-at="2025-05-23T13:14:57 IST" name="setUpExtentReports" finished-at="2025-05-23T13:14:57 IST" duration-ms="161" status="PASS">
          <reporter-output>
          </reporter-output>
        </test-method> <!-- setUpExtentReports -->
        <test-method is-config="true" signature="setup()[pri:0, instance:tests.NotesLauncherTests@3a4621bd]" started-at="2025-05-23T13:14:57 IST" name="setup" finished-at="2025-05-23T13:15:31 IST" duration-ms="33651" status="PASS">
          <reporter-output>
          </reporter-output>
        </test-method> <!-- setup -->
        <test-method is-config="true" signature="setUpPages()[pri:0, instance:tests.NotesLauncherTests@3a4621bd]" started-at="2025-05-23T13:15:31 IST" name="setUpPages" finished-at="2025-05-23T13:15:31 IST" duration-ms="19" status="PASS">
          <reporter-output>
          </reporter-output>
        </test-method> <!-- setUpPages -->
        <test-method signature="createTextNotesTest()[pri:1, instance:tests.NotesLauncherTests@3a4621bd]" started-at="2025-05-23T13:15:31 IST" name="createTextNotesTest" description="Verify TC1 Onboarding and TC2: Creating a text note" finished-at="2025-05-23T13:15:47 IST" duration-ms="16167" status="PASS">
          <reporter-output>
          </reporter-output>
        </test-method> <!-- createTextNotesTest -->
        <test-method is-config="true" signature="tearDown()[pri:0, instance:tests.NotesLauncherTests@3a4621bd]" started-at="2025-05-23T13:15:47 IST" name="tearDown" finished-at="2025-05-23T13:15:48 IST" duration-ms="186" status="PASS">
          <reporter-output>
          </reporter-output>
        </test-method> <!-- tearDown -->
        <test-method is-config="true" signature="setUpPages()[pri:0, instance:tests.NotesLauncherTests@3a4621bd]" started-at="2025-05-23T13:15:48 IST" name="setUpPages" finished-at="2025-05-23T13:15:48 IST" duration-ms="0" status="PASS">
          <reporter-output>
          </reporter-output>
        </test-method> <!-- setUpPages -->
        <test-method signature="createTodoListTest()[pri:2, instance:tests.NotesLauncherTests@3a4621bd]" started-at="2025-05-23T13:15:48 IST" name="createTodoListTest" description="Verify TC 3:Create To-Do List Test " finished-at="2025-05-23T13:16:10 IST" duration-ms="22854" status="PASS">
          <reporter-output>
          </reporter-output>
        </test-method> <!-- createTodoListTest -->
        <test-method is-config="true" signature="tearDown()[pri:0, instance:tests.NotesLauncherTests@3a4621bd]" started-at="2025-05-23T13:16:10 IST" name="tearDown" finished-at="2025-05-23T13:16:10 IST" duration-ms="32" status="PASS">
          <reporter-output>
          </reporter-output>
        </test-method> <!-- tearDown -->
        <test-method is-config="true" signature="tearDownExtentReports()[pri:0, instance:tests.NotesLauncherTests@3a4621bd]" started-at="2025-05-23T13:16:10 IST" name="tearDownExtentReports" finished-at="2025-05-23T13:16:11 IST" duration-ms="709" status="PASS">
          <reporter-output>
          </reporter-output>
        </test-method> <!-- tearDownExtentReports -->
      </class> <!-- tests.NotesLauncherTests -->
    </test> <!-- Default test -->
  </suite> <!-- Default suite -->
</testng-results>
