<?xml version="1.0" encoding="UTF-8"?>
<testng-results ignored="0" total="1" passed="1" failed="0" skipped="0">
  <reporter-output>
  </reporter-output>
  <suite started-at="2025-05-22T20:35:39 IST" name="Default suite" finished-at="2025-05-22T20:36:31 IST" duration-ms="52622">
    <groups>
    </groups>
    <test started-at="2025-05-22T20:35:39 IST" name="Default test" finished-at="2025-05-22T20:36:31 IST" duration-ms="52622">
      <class name="tests.NotesLauncherTests">
        <test-method is-config="true" signature="setUpExtentReports()[pri:0, instance:tests.NotesLauncherTests@3c9c0d96]" started-at="2025-05-22T20:35:38 IST" name="setUpExtentReports" finished-at="2025-05-22T20:35:39 IST" duration-ms="168" status="PASS">
          <reporter-output>
          </reporter-output>
        </test-method> <!-- setUpExtentReports -->
        <test-method is-config="true" signature="setup()[pri:0, instance:tests.NotesLauncherTests@3c9c0d96]" started-at="2025-05-22T20:35:39 IST" name="setup" finished-at="2025-05-22T20:36:12 IST" duration-ms="33795" status="PASS">
          <reporter-output>
          </reporter-output>
        </test-method> <!-- setup -->
        <test-method is-config="true" signature="setUpPages()[pri:0, instance:tests.NotesLauncherTests@3c9c0d96]" started-at="2025-05-22T20:36:12 IST" name="setUpPages" finished-at="2025-05-22T20:36:12 IST" duration-ms="15" status="PASS">
          <reporter-output>
          </reporter-output>
        </test-method> <!-- setUpPages -->
        <test-method signature="createTextNotesTest()[pri:1, instance:tests.NotesLauncherTests@3c9c0d96]" started-at="2025-05-22T20:36:13 IST" name="createTextNotesTest" description="Verify TC1 Onboarding and TC2: Creating a text note" finished-at="2025-05-22T20:36:31 IST" duration-ms="18483" status="PASS">
          <reporter-output>
          </reporter-output>
        </test-method> <!-- createTextNotesTest -->
        <test-method is-config="true" signature="tearDown()[pri:0, instance:tests.NotesLauncherTests@3c9c0d96]" started-at="2025-05-22T20:36:31 IST" name="tearDown" finished-at="2025-05-22T20:36:31 IST" duration-ms="207" status="PASS">
          <reporter-output>
          </reporter-output>
        </test-method> <!-- tearDown -->
        <test-method is-config="true" signature="tearDownExtentReports()[pri:0, instance:tests.NotesLauncherTests@3c9c0d96]" started-at="2025-05-22T20:36:31 IST" name="tearDownExtentReports" finished-at="2025-05-22T20:36:32 IST" duration-ms="531" status="PASS">
          <reporter-output>
          </reporter-output>
        </test-method> <!-- tearDownExtentReports -->
      </class> <!-- tests.NotesLauncherTests -->
    </test> <!-- Default test -->
  </suite> <!-- Default suite -->
</testng-results>
