<?xml version="1.0" encoding="UTF-8"?>
<!-- Generated by org.testng.reporters.JUnitReportReporter -->
<testsuite hostname="DESKTOP-OCH9QBK" failures="0" tests="2" name="NotesTests.CombinedNotesTests2" time="27.879" errors="0" timestamp="2025-03-01T12:24:47 IST" skipped="0">
  <testcase classname="NotesTests.CombinedNotesTests2" name="createNoteTest" time="14.545"/>
  <testcase classname="NotesTests.CombinedNotesTests2" name="createTodoListTest" time="13.334"/>
</testsuite> <!-- NotesTests.CombinedNotesTests2 -->
