<?xml version="1.0" encoding="UTF-8"?>
<!-- Generated by org.testng.reporters.JUnitReportReporter -->
<testsuite hostname="DESKTOP-OCH9QBK" failures="1" tests="2" name="tests.CreateNoteTest2" time="35.421" errors="0" timestamp="2025-03-01T16:38:04 IST" skipped="0">
  <testcase classname="tests.CreateNoteTest2" name="createTodoListTest2" time="18.844">
    <failure message="Expected condition failed: waiting for visibility of element located by By.xpath: (//android.widget.EditText[@resource-id=&#039;com.notes.todolist.notebook.checklist.notepad.android.dev:id/edit_text_id&#039;])[2] (tried for 10 second(s) with 500 milliseconds interval)
Build info: version: &#039;4.13.0&#039;, revision: &#039;ba948ece5b*&#039;
System info: os.name: &#039;Windows 11&#039;, os.arch: &#039;amd64&#039;, os.version: &#039;10.0&#039;, java.version: &#039;17.0.7&#039;
Driver info: io.appium.java_client.android.AndroidDriver
Capabilities {appium:app: C:/Users/yoges/OneDrive/Des..., appium:appActivity: ch.android.launcher.Lawncha..., appium:appPackage: com.notes.todolist.notebook..., appium:automationName: UiAutomator2, appium:chromedriverExecutable: C:/Users/yoges/OneDrive/Des..., appium:databaseEnabled: false, appium:desired: {app: C:/Users/yoges/OneDrive/Des..., automationName: UiAutomator2, chromedriverExecutable: C:/Users/yoges/OneDrive/Des..., deviceName: samsung SM-G990B2, platformName: ANDROID, platformVersion: 14}, appium:deviceApiLevel: 34, appium:deviceManufacturer: samsung, appium:deviceModel: SM-G990B2, appium:deviceName: RZCWB09NHJB, appium:deviceScreenDensity: 480, appium:deviceScreenSize: 1080x2340, appium:deviceUDID: RZCWB09NHJB, appium:javascriptEnabled: true, appium:locationContextEnabled: false, appium:networkConnectionEnabled: true, appium:pixelRatio: 3, appium:platformVersion: 14, appium:statBarHeight: 99, appium:takesScreenshot: true, appium:viewportRect: {height: 2241, left: 0, top: 99, width: 1080}, appium:warnings: {}, appium:webStorageEnabled: false, platformName: ANDROID}
Session ID: 5b520aae-b45c-4c1c-9983-84c184e5faf6" type="java.lang.AssertionError">
      <![CDATA[java.lang.AssertionError: Expected condition failed: waiting for visibility of element located by By.xpath: (//android.widget.EditText[@resource-id='com.notes.todolist.notebook.checklist.notepad.android.dev:id/edit_text_id'])[2] (tried for 10 second(s) with 500 milliseconds interval)
Build info: version: '4.13.0', revision: 'ba948ece5b*'
System info: os.name: 'Windows 11', os.arch: 'amd64', os.version: '10.0', java.version: '17.0.7'
Driver info: io.appium.java_client.android.AndroidDriver
Capabilities {appium:app: C:/Users/yoges/OneDrive/Des..., appium:appActivity: ch.android.launcher.Lawncha..., appium:appPackage: com.notes.todolist.notebook..., appium:automationName: UiAutomator2, appium:chromedriverExecutable: C:/Users/yoges/OneDrive/Des..., appium:databaseEnabled: false, appium:desired: {app: C:/Users/yoges/OneDrive/Des..., automationName: UiAutomator2, chromedriverExecutable: C:/Users/yoges/OneDrive/Des..., deviceName: samsung SM-G990B2, platformName: ANDROID, platformVersion: 14}, appium:deviceApiLevel: 34, appium:deviceManufacturer: samsung, appium:deviceModel: SM-G990B2, appium:deviceName: RZCWB09NHJB, appium:deviceScreenDensity: 480, appium:deviceScreenSize: 1080x2340, appium:deviceUDID: RZCWB09NHJB, appium:javascriptEnabled: true, appium:locationContextEnabled: false, appium:networkConnectionEnabled: true, appium:pixelRatio: 3, appium:platformVersion: 14, appium:statBarHeight: 99, appium:takesScreenshot: true, appium:viewportRect: {height: 2241, left: 0, top: 99, width: 1080}, appium:warnings: {}, appium:webStorageEnabled: false, platformName: ANDROID}
Session ID: 5b520aae-b45c-4c1c-9983-84c184e5faf6
at org.testng.Assert.fail(Assert.java:111)
at tests.CreateNoteTest2.createTodoListTest2(CreateNoteTest2.java:63)
at java.base/jdk.internal.reflect.NativeMethodAccessorImpl.invoke0(Native Method)
at java.base/jdk.internal.reflect.NativeMethodAccessorImpl.invoke(NativeMethodAccessorImpl.java:77)
at java.base/jdk.internal.reflect.DelegatingMethodAccessorImpl.invoke(DelegatingMethodAccessorImpl.java:43)
at java.base/java.lang.reflect.Method.invoke(Method.java:568)
at org.testng.internal.invokers.MethodInvocationHelper.invokeMethod(MethodInvocationHelper.java:139)
at org.testng.internal.invokers.TestInvoker.invokeMethod(TestInvoker.java:664)
at org.testng.internal.invokers.TestInvoker.invokeTestMethod(TestInvoker.java:227)
at org.testng.internal.invokers.MethodRunner.runInSequence(MethodRunner.java:50)
at org.testng.internal.invokers.TestInvoker$MethodInvocationAgent.invoke(TestInvoker.java:957)
at org.testng.internal.invokers.TestInvoker.invokeTestMethods(TestInvoker.java:200)
at org.testng.internal.invokers.TestMethodWorker.invokeTestMethods(TestMethodWorker.java:148)
at org.testng.internal.invokers.TestMethodWorker.run(TestMethodWorker.java:128)
at java.base/java.util.ArrayList.forEach(ArrayList.java:1511)
at org.testng.TestRunner.privateRun(TestRunner.java:848)
at org.testng.TestRunner.run(TestRunner.java:621)
at org.testng.SuiteRunner.runTest(SuiteRunner.java:443)
at org.testng.SuiteRunner.runSequentially(SuiteRunner.java:437)
at org.testng.SuiteRunner.privateRun(SuiteRunner.java:397)
at org.testng.SuiteRunner.run(SuiteRunner.java:336)
at org.testng.SuiteRunnerWorker.runSuite(SuiteRunnerWorker.java:52)
at org.testng.SuiteRunnerWorker.run(SuiteRunnerWorker.java:95)
at org.testng.TestNG.runSuitesSequentially(TestNG.java:1280)
at org.testng.TestNG.runSuitesLocally(TestNG.java:1200)
at org.testng.TestNG.runSuites(TestNG.java:1114)
at org.testng.TestNG.run(TestNG.java:1082)
at org.testng.remote.AbstractRemoteTestNG.run(AbstractRemoteTestNG.java:115)
at org.testng.remote.RemoteTestNG.initAndRun(RemoteTestNG.java:251)
at org.testng.remote.RemoteTestNG.main(RemoteTestNG.java:77)
]]>
    </failure>
  </testcase> <!-- createTodoListTest2 -->
  <testcase classname="tests.CreateNoteTest2" name="createNoteTest" time="16.577"/>
</testsuite> <!-- tests.CreateNoteTest2 -->
