<?xml version="1.0" encoding="UTF-8"?>
<!-- Generated by org.testng.reporters.JUnitReportReporter -->
<testsuite hostname="DESKTOP-OCH9QBK" failures="0" tests="2" name="NotesTests.CombinedNotesTests" time="24.474" errors="0" timestamp="2025-02-28T20:30:18 IST" skipped="0">
  <testcase classname="NotesTests.CombinedNotesTests" name="createTodoListTest" time="9.831"/>
  <testcase classname="NotesTests.CombinedNotesTests" name="createNoteTest" time="14.643"/>
</testsuite> <!-- NotesTests.CombinedNotesTests -->
